
*** Running vivado
    with args -log uart_tb.vds -m64 -product Vivado -mode batch -messageDb vivado.pb -notrace -source uart_tb.tcl


****** Vivado v2017.4.1 (64-bit)
  **** SW Build 2117270 on Tue Jan 30 15:32:00 MST 2018
  **** IP Build 2095745 on Tue Jan 30 17:13:15 MST 2018
    ** Copyright 1986-2017 Xilinx, Inc. All Rights Reserved.

source uart_tb.tcl -notrace
Command: synth_design -top uart_tb -part xc7a35tcpg236-1
Starting synth_design
Attempting to get a license for feature 'Synthesis' and/or device 'xc7a35t'
INFO: [Common 17-349] Got license for feature 'Synthesis' and/or device 'xc7a35t'
INFO: Launching helper process for spawning children vivado processes
INFO: Helper process launched with PID 1336 
---------------------------------------------------------------------------------
Starting RTL Elaboration : Time (s): cpu = 00:00:04 ; elapsed = 00:00:04 . Memory (MB): peak = 352.316 ; gain = 96.910
---------------------------------------------------------------------------------
INFO: [Synth 8-638] synthesizing module 'uart_tb' [C:/Users/arody/Documents/GitHub/490VHDL/490/Bluetooth/Bluetooth.srcs/sources_1/new/UART_TX.vhd:8]
	Parameter g_CLKS_PER_BIT bound to: 87 - type: integer 
INFO: [Synth 8-637] synthesizing blackbox instance 'UART_TX_INST' of component 'uart_tx' [C:/Users/arody/Documents/GitHub/490VHDL/490/Bluetooth/Bluetooth.srcs/sources_1/new/UART_TX.vhd:79]
WARNING: [Synth 8-5640] Port 'led' is missing in component declaration [C:/Users/arody/Documents/GitHub/490VHDL/490/Bluetooth/Bluetooth.srcs/sources_1/new/UART_TX.vhd:24]
	Parameter g_CLKS_PER_BIT bound to: 87 - type: integer 
INFO: [Synth 8-3491] module 'UART_RX' declared at 'C:/Users/arody/Documents/GitHub/490VHDL/490/Bluetooth/Bluetooth.srcs/sources_1/new/bluetooth.v:11' bound to instance 'UART_RX_INST' of component 'uart_rx' [C:/Users/arody/Documents/GitHub/490VHDL/490/Bluetooth/Bluetooth.srcs/sources_1/new/UART_TX.vhd:93]
INFO: [Synth 8-638] synthesizing module 'UART_RX' [C:/Users/arody/Documents/GitHub/490VHDL/490/Bluetooth/Bluetooth.srcs/sources_1/new/bluetooth.v:26]
	Parameter g_CLKS_PER_BIT bound to: 87 - type: integer 
WARNING: [Synth 8-6014] Unused sequential element r_RX_DV_reg was removed.  [C:/Users/arody/Documents/GitHub/490VHDL/490/Bluetooth/Bluetooth.srcs/sources_1/new/bluetooth.v:62]
WARNING: [Synth 8-3848] Net o_RX_DV in module/entity UART_RX does not have driver. [C:/Users/arody/Documents/GitHub/490VHDL/490/Bluetooth/Bluetooth.srcs/sources_1/new/bluetooth.v:18]
WARNING: [Synth 8-3848] Net o_RX_Byte in module/entity UART_RX does not have driver. [C:/Users/arody/Documents/GitHub/490VHDL/490/Bluetooth/Bluetooth.srcs/sources_1/new/bluetooth.v:20]
INFO: [Synth 8-256] done synthesizing module 'UART_RX' (1#1) [C:/Users/arody/Documents/GitHub/490VHDL/490/Bluetooth/Bluetooth.srcs/sources_1/new/bluetooth.v:26]
WARNING: [Synth 8-2897] clock signal used as data [C:/Users/arody/Documents/GitHub/490VHDL/490/Bluetooth/Bluetooth.srcs/sources_1/new/UART_TX.vhd:111]
WARNING: [Synth 8-2897] clock signal used as data [C:/Users/arody/Documents/GitHub/490VHDL/490/Bluetooth/Bluetooth.srcs/sources_1/new/UART_TX.vhd:111]
ERROR: [Synth 8-27] nested clocked statements not supported [C:/Users/arody/Documents/GitHub/490VHDL/490/Bluetooth/Bluetooth.srcs/sources_1/new/UART_TX.vhd:112]
ERROR: [Synth 8-285] failed synthesizing module 'uart_tb' [C:/Users/arody/Documents/GitHub/490VHDL/490/Bluetooth/Bluetooth.srcs/sources_1/new/UART_TX.vhd:8]
---------------------------------------------------------------------------------
Finished RTL Elaboration : Time (s): cpu = 00:00:05 ; elapsed = 00:00:05 . Memory (MB): peak = 402.176 ; gain = 146.770
---------------------------------------------------------------------------------
RTL Elaboration failed
INFO: [Common 17-83] Releasing license: Synthesis
7 Infos, 6 Warnings, 0 Critical Warnings and 3 Errors encountered.
synth_design failed
ERROR: [Common 17-69] Command failed: Synthesis failed - please see the console or run log file for details
INFO: [Common 17-206] Exiting Vivado at Sun Feb 18 18:13:47 2018...
