
*** Running vivado
    with args -log Main.vds -m64 -product Vivado -mode batch -messageDb vivado.pb -notrace -source Main.tcl


****** Vivado v2017.4.1 (64-bit)
  **** SW Build 2117270 on Tue Jan 30 15:32:00 MST 2018
  **** IP Build 2095745 on Tue Jan 30 17:13:15 MST 2018
    ** Copyright 1986-2017 Xilinx, Inc. All Rights Reserved.

source Main.tcl -notrace
Command: synth_design -top Main -part xc7a35tcpg236-1
Starting synth_design
Attempting to get a license for feature 'Synthesis' and/or device 'xc7a35t'
INFO: [Common 17-349] Got license for feature 'Synthesis' and/or device 'xc7a35t'
INFO: Launching helper process for spawning children vivado processes
INFO: Helper process launched with PID 10296 
---------------------------------------------------------------------------------
Starting RTL Elaboration : Time (s): cpu = 00:00:03 ; elapsed = 00:00:04 . Memory (MB): peak = 352.480 ; gain = 97.105
---------------------------------------------------------------------------------
INFO: [Synth 8-638] synthesizing module 'Main' [C:/Users/arody/Documents/GitHub/490VHDL/490/BasysUart/BasysUart.srcs/sources_1/new/Main.vhd:46]
	Parameter g_CLKS_PER_BIT bound to: 10416 - type: integer 
INFO: [Synth 8-3491] module 'UART_TX' declared at 'C:/Users/arody/Documents/GitHub/490VHDL/490/BasysUart/BasysUart.srcs/sources_1/new/UART_TX.vhd:19' bound to instance 'UART_TX_INST' of component 'UART_TX' [C:/Users/arody/Documents/GitHub/490VHDL/490/BasysUart/BasysUart.srcs/sources_1/new/Main.vhd:89]
INFO: [Synth 8-638] synthesizing module 'UART_TX' [C:/Users/arody/Documents/GitHub/490VHDL/490/BasysUart/BasysUart.srcs/sources_1/new/UART_TX.vhd:37]
	Parameter g_CLKS_PER_BIT bound to: 10416 - type: integer 
INFO: [Synth 8-5534] Detected attribute (* dont_touch = "true" *) [C:/Users/arody/Documents/GitHub/490VHDL/490/BasysUart/BasysUart.srcs/sources_1/new/UART_TX.vhd:28]
INFO: [Synth 8-256] done synthesizing module 'UART_TX' (1#1) [C:/Users/arody/Documents/GitHub/490VHDL/490/BasysUart/BasysUart.srcs/sources_1/new/UART_TX.vhd:37]
	Parameter g_CLKS_PER_BIT bound to: 10416 - type: integer 
INFO: [Synth 8-3491] module 'UART_RX' declared at 'C:/Users/arody/Documents/GitHub/490VHDL/490/BasysUart/BasysUart.srcs/sources_1/new/UART_RX.vhd:18' bound to instance 'UART_RX_INST' of component 'uart_rx' [C:/Users/arody/Documents/GitHub/490VHDL/490/BasysUart/BasysUart.srcs/sources_1/new/Main.vhd:102]
INFO: [Synth 8-638] synthesizing module 'UART_RX' [C:/Users/arody/Documents/GitHub/490VHDL/490/BasysUart/BasysUart.srcs/sources_1/new/UART_RX.vhd:31]
	Parameter g_CLKS_PER_BIT bound to: 10416 - type: integer 
INFO: [Synth 8-256] done synthesizing module 'UART_RX' (2#1) [C:/Users/arody/Documents/GitHub/490VHDL/490/BasysUart/BasysUart.srcs/sources_1/new/UART_RX.vhd:31]
WARNING: [Synth 8-614] signal 'w_RX_BYTE' is read in the process but is not in the sensitivity list [C:/Users/arody/Documents/GitHub/490VHDL/490/BasysUart/BasysUart.srcs/sources_1/new/Main.vhd:113]
INFO: [Synth 8-256] done synthesizing module 'Main' (3#1) [C:/Users/arody/Documents/GitHub/490VHDL/490/BasysUart/BasysUart.srcs/sources_1/new/Main.vhd:46]
---------------------------------------------------------------------------------
Finished RTL Elaboration : Time (s): cpu = 00:00:04 ; elapsed = 00:00:05 . Memory (MB): peak = 402.168 ; gain = 146.793
---------------------------------------------------------------------------------

Report Check Netlist: 
+------+------------------+-------+---------+-------+------------------+
|      |Item              |Errors |Warnings |Status |Description       |
+------+------------------+-------+---------+-------+------------------+
|1     |multi_driven_nets |      0|        0|Passed |Multi driven nets |
+------+------------------+-------+---------+-------+------------------+
---------------------------------------------------------------------------------
Finished RTL Optimization Phase 1 : Time (s): cpu = 00:00:04 ; elapsed = 00:00:05 . Memory (MB): peak = 402.168 ; gain = 146.793
---------------------------------------------------------------------------------
INFO: [Device 21-403] Loading part xc7a35tcpg236-1
INFO: [Project 1-570] Preparing netlist for logic optimization

Processing XDC Constraints
Initializing timing engine
Parsing XDC File [C:/Users/arody/Documents/GitHub/490VHDL/490/BasysUart/BasysUart.srcs/constrs_1/imports/XDC/Basys3_Master.xdc]
Finished Parsing XDC File [C:/Users/arody/Documents/GitHub/490VHDL/490/BasysUart/BasysUart.srcs/constrs_1/imports/XDC/Basys3_Master.xdc]
INFO: [Project 1-236] Implementation specific constraints were found while reading constraint file [C:/Users/arody/Documents/GitHub/490VHDL/490/BasysUart/BasysUart.srcs/constrs_1/imports/XDC/Basys3_Master.xdc]. These constraints will be ignored for synthesis but will be used in implementation. Impacted constraints are listed in the file [.Xil/Main_propImpl.xdc].
Resolution: To avoid this warning, move constraints listed in [.Xil/Main_propImpl.xdc] to another XDC file and exclude this new file from synthesis with the used_in_synthesis property (File Properties dialog in GUI) and re-run elaboration/synthesis.
Completed Processing XDC Constraints

INFO: [Project 1-111] Unisim Transformation Summary:
No Unisim elements were transformed.

Constraint Validation Runtime : Time (s): cpu = 00:00:00 ; elapsed = 00:00:00.002 . Memory (MB): peak = 728.652 ; gain = 0.000
---------------------------------------------------------------------------------
Finished Constraint Validation : Time (s): cpu = 00:00:13 ; elapsed = 00:00:14 . Memory (MB): peak = 728.652 ; gain = 473.277
---------------------------------------------------------------------------------
---------------------------------------------------------------------------------
Start Loading Part and Timing Information
---------------------------------------------------------------------------------
Loading part: xc7a35tcpg236-1
---------------------------------------------------------------------------------
Finished Loading Part and Timing Information : Time (s): cpu = 00:00:13 ; elapsed = 00:00:14 . Memory (MB): peak = 728.652 ; gain = 473.277
---------------------------------------------------------------------------------
---------------------------------------------------------------------------------
Start Applying 'set_property' XDC Constraints
---------------------------------------------------------------------------------
---------------------------------------------------------------------------------
Finished applying 'set_property' XDC Constraints : Time (s): cpu = 00:00:13 ; elapsed = 00:00:14 . Memory (MB): peak = 728.652 ; gain = 473.277
---------------------------------------------------------------------------------
INFO: [Synth 8-802] inferred FSM for state register 'r_SM_Main_reg' in module 'UART_TX'
INFO: [Synth 8-5544] ROM "o_TX_Active" won't be mapped to Block RAM because address size (3) smaller than threshold (5)
INFO: [Synth 8-5544] ROM "o_TX_Serial" won't be mapped to Block RAM because address size (3) smaller than threshold (5)
INFO: [Synth 8-5544] ROM "r_SM_Main" won't be mapped to Block RAM because address size (1) smaller than threshold (5)
INFO: [Synth 8-5544] ROM "r_SM_Main" won't be mapped to Block RAM because address size (1) smaller than threshold (5)
INFO: [Synth 8-5544] ROM "r_SM_Main" won't be mapped to Block RAM because address size (1) smaller than threshold (5)
INFO: [Synth 8-802] inferred FSM for state register 'r_SM_Main_reg' in module 'UART_RX'
INFO: [Synth 8-5544] ROM "r_SM_Main" won't be mapped to Block RAM because address size (1) smaller than threshold (5)
INFO: [Synth 8-5544] ROM "r_SM_Main" won't be mapped to Block RAM because address size (1) smaller than threshold (5)
INFO: [Synth 8-5544] ROM "r_SM_Main" won't be mapped to Block RAM because address size (1) smaller than threshold (5)
---------------------------------------------------------------------------------------------------
                   State |                     New Encoding |                Previous Encoding 
---------------------------------------------------------------------------------------------------
                  s_idle |                              000 |                              000
          s_tx_start_bit |                              001 |                              001
          s_tx_data_bits |                              010 |                              010
           s_tx_stop_bit |                              011 |                              011
               s_cleanup |                              100 |                              100
---------------------------------------------------------------------------------------------------
INFO: [Synth 8-3354] encoded FSM with state register 'r_SM_Main_reg' using encoding 'sequential' in module 'UART_TX'
---------------------------------------------------------------------------------------------------
                   State |                     New Encoding |                Previous Encoding 
---------------------------------------------------------------------------------------------------
                  s_idle |                              000 |                              000
          s_rx_start_bit |                              001 |                              001
          s_rx_data_bits |                              010 |                              010
           s_rx_stop_bit |                              011 |                              011
               s_cleanup |                              100 |                              100
---------------------------------------------------------------------------------------------------
INFO: [Synth 8-3354] encoded FSM with state register 'r_SM_Main_reg' using encoding 'sequential' in module 'UART_RX'
---------------------------------------------------------------------------------
Finished RTL Optimization Phase 2 : Time (s): cpu = 00:00:13 ; elapsed = 00:00:14 . Memory (MB): peak = 728.652 ; gain = 473.277
---------------------------------------------------------------------------------

Report RTL Partitions: 
+-+--------------+------------+----------+
| |RTL Partition |Replication |Instances |
+-+--------------+------------+----------+
+-+--------------+------------+----------+
---------------------------------------------------------------------------------
Start RTL Component Statistics 
---------------------------------------------------------------------------------
Detailed RTL Component Info : 
+---Adders : 
	   2 Input     14 Bit       Adders := 2     
	   2 Input      3 Bit       Adders := 2     
+---Registers : 
	               14 Bit    Registers := 2     
	                8 Bit    Registers := 3     
	                3 Bit    Registers := 2     
	                1 Bit    Registers := 7     
+---Muxes : 
	   2 Input     14 Bit        Muxes := 2     
	   5 Input     14 Bit        Muxes := 2     
	   2 Input      8 Bit        Muxes := 1     
	   5 Input      8 Bit        Muxes := 1     
	   2 Input      3 Bit        Muxes := 2     
	   5 Input      3 Bit        Muxes := 2     
	  11 Input      3 Bit        Muxes := 1     
	  12 Input      3 Bit        Muxes := 1     
	   5 Input      1 Bit        Muxes := 12    
	   2 Input      1 Bit        Muxes := 1     
---------------------------------------------------------------------------------
Finished RTL Component Statistics 
---------------------------------------------------------------------------------
---------------------------------------------------------------------------------
Start RTL Hierarchical Component Statistics 
---------------------------------------------------------------------------------
Hierarchical RTL Component report 
Module Main 
Detailed RTL Component Info : 
+---Registers : 
	                8 Bit    Registers := 1     
	                1 Bit    Registers := 1     
Module UART_TX 
Detailed RTL Component Info : 
+---Adders : 
	   2 Input     14 Bit       Adders := 1     
	   2 Input      3 Bit       Adders := 1     
+---Registers : 
	               14 Bit    Registers := 1     
	                8 Bit    Registers := 1     
	                3 Bit    Registers := 1     
	                1 Bit    Registers := 3     
+---Muxes : 
	   2 Input     14 Bit        Muxes := 1     
	   5 Input     14 Bit        Muxes := 1     
	   2 Input      3 Bit        Muxes := 1     
	   5 Input      3 Bit        Muxes := 1     
	  11 Input      3 Bit        Muxes := 1     
	   5 Input      1 Bit        Muxes := 8     
Module UART_RX 
Detailed RTL Component Info : 
+---Adders : 
	   2 Input     14 Bit       Adders := 1     
	   2 Input      3 Bit       Adders := 1     
+---Registers : 
	               14 Bit    Registers := 1     
	                8 Bit    Registers := 1     
	                3 Bit    Registers := 1     
	                1 Bit    Registers := 3     
+---Muxes : 
	   2 Input     14 Bit        Muxes := 1     
	   5 Input     14 Bit        Muxes := 1     
	   2 Input      8 Bit        Muxes := 1     
	   5 Input      8 Bit        Muxes := 1     
	   2 Input      3 Bit        Muxes := 1     
	   5 Input      3 Bit        Muxes := 1     
	  12 Input      3 Bit        Muxes := 1     
	   2 Input      1 Bit        Muxes := 1     
	   5 Input      1 Bit        Muxes := 4     
---------------------------------------------------------------------------------
Finished RTL Hierarchical Component Statistics
---------------------------------------------------------------------------------
---------------------------------------------------------------------------------
Start Part Resource Summary
---------------------------------------------------------------------------------
Part Resources:
DSPs: 90 (col length:60)
BRAMs: 100 (col length: RAMB18 60 RAMB36 30)
---------------------------------------------------------------------------------
Finished Part Resource Summary
---------------------------------------------------------------------------------
---------------------------------------------------------------------------------
Start Cross Boundary and Area Optimization
---------------------------------------------------------------------------------
WARNING: [Synth 8-6014] Unused sequential element UART_RX_INST/r_RX_DV_reg was removed.  [C:/Users/arody/Documents/GitHub/490VHDL/490/BasysUart/BasysUart.srcs/sources_1/new/UART_RX.vhd:68]
INFO: [Synth 8-3886] merging instance 'r_TX_BYTE_reg[7]' (FDRE) to 'r_TX_BYTE_reg[0]'
INFO: [Synth 8-3886] merging instance 'r_TX_BYTE_reg[6]' (FDSE) to 'r_TX_BYTE_reg[3]'
INFO: [Synth 8-3886] merging instance 'r_TX_BYTE_reg[5]' (FDSE) to 'r_TX_BYTE_reg[3]'
INFO: [Synth 8-3886] merging instance 'r_TX_BYTE_reg[4]' (FDRE) to 'r_TX_BYTE_reg[0]'
INFO: [Synth 8-3886] merging instance 'r_TX_BYTE_reg[2]' (FDRE) to 'r_TX_BYTE_reg[0]'
INFO: [Synth 8-3886] merging instance 'r_TX_BYTE_reg[1]' (FDRE) to 'r_TX_BYTE_reg[0]'
INFO: [Synth 8-3333] propagating constant 0 across sequential element (\r_TX_BYTE_reg[0] )
INFO: [Synth 8-3886] merging instance 'UART_TX_INST/r_TX_Data_reg[7]' (FDE) to 'UART_TX_INST/r_TX_Data_reg[0]'
INFO: [Synth 8-3886] merging instance 'UART_TX_INST/r_TX_Data_reg[6]' (FDE) to 'UART_TX_INST/r_TX_Data_reg[3]'
INFO: [Synth 8-3886] merging instance 'UART_TX_INST/r_TX_Data_reg[5]' (FDE) to 'UART_TX_INST/r_TX_Data_reg[3]'
INFO: [Synth 8-3886] merging instance 'UART_TX_INST/r_TX_Data_reg[4]' (FDE) to 'UART_TX_INST/r_TX_Data_reg[0]'
INFO: [Synth 8-3886] merging instance 'UART_TX_INST/r_TX_Data_reg[2]' (FDE) to 'UART_TX_INST/r_TX_Data_reg[0]'
INFO: [Synth 8-3886] merging instance 'UART_TX_INST/r_TX_Data_reg[1]' (FDE) to 'UART_TX_INST/r_TX_Data_reg[0]'
INFO: [Synth 8-3333] propagating constant 0 across sequential element (\UART_TX_INST/r_TX_Data_reg[0] )
WARNING: [Synth 8-3332] Sequential element (r_TX_BYTE_reg[0]) is unused and will be removed from module Main.
WARNING: [Synth 8-3332] Sequential element (UART_TX_INST/r_TX_Data_reg[0]) is unused and will be removed from module Main.
---------------------------------------------------------------------------------
Finished Cross Boundary and Area Optimization : Time (s): cpu = 00:00:14 ; elapsed = 00:00:15 . Memory (MB): peak = 728.652 ; gain = 473.277
---------------------------------------------------------------------------------

Report RTL Partitions: 
+-+--------------+------------+----------+
| |RTL Partition |Replication |Instances |
+-+--------------+------------+----------+
+-+--------------+------------+----------+
---------------------------------------------------------------------------------
Start Applying XDC Timing Constraints
---------------------------------------------------------------------------------
---------------------------------------------------------------------------------
Finished Applying XDC Timing Constraints : Time (s): cpu = 00:00:21 ; elapsed = 00:00:22 . Memory (MB): peak = 732.168 ; gain = 476.793
---------------------------------------------------------------------------------
---------------------------------------------------------------------------------
Start Timing Optimization
---------------------------------------------------------------------------------
---------------------------------------------------------------------------------
Finished Timing Optimization : Time (s): cpu = 00:00:21 ; elapsed = 00:00:22 . Memory (MB): peak = 754.129 ; gain = 498.754
---------------------------------------------------------------------------------

Report RTL Partitions: 
+-+--------------+------------+----------+
| |RTL Partition |Replication |Instances |
+-+--------------+------------+----------+
+-+--------------+------------+----------+
---------------------------------------------------------------------------------
Start Technology Mapping
---------------------------------------------------------------------------------
---------------------------------------------------------------------------------
Finished Technology Mapping : Time (s): cpu = 00:00:21 ; elapsed = 00:00:22 . Memory (MB): peak = 755.137 ; gain = 499.762
---------------------------------------------------------------------------------

Report RTL Partitions: 
+-+--------------+------------+----------+
| |RTL Partition |Replication |Instances |
+-+--------------+------------+----------+
+-+--------------+------------+----------+
---------------------------------------------------------------------------------
Start IO Insertion
---------------------------------------------------------------------------------
---------------------------------------------------------------------------------
Start Flattening Before IO Insertion
---------------------------------------------------------------------------------
---------------------------------------------------------------------------------
Finished Flattening Before IO Insertion
---------------------------------------------------------------------------------
---------------------------------------------------------------------------------
Start Final Netlist Cleanup
---------------------------------------------------------------------------------
---------------------------------------------------------------------------------
Finished Final Netlist Cleanup
---------------------------------------------------------------------------------
---------------------------------------------------------------------------------
Finished IO Insertion : Time (s): cpu = 00:00:22 ; elapsed = 00:00:23 . Memory (MB): peak = 755.137 ; gain = 499.762
---------------------------------------------------------------------------------

Report Check Netlist: 
+------+------------------+-------+---------+-------+------------------+
|      |Item              |Errors |Warnings |Status |Description       |
+------+------------------+-------+---------+-------+------------------+
|1     |multi_driven_nets |      0|        0|Passed |Multi driven nets |
+------+------------------+-------+---------+-------+------------------+
---------------------------------------------------------------------------------
Start Renaming Generated Instances
---------------------------------------------------------------------------------
---------------------------------------------------------------------------------
Finished Renaming Generated Instances : Time (s): cpu = 00:00:22 ; elapsed = 00:00:23 . Memory (MB): peak = 755.137 ; gain = 499.762
---------------------------------------------------------------------------------

Report RTL Partitions: 
+-+--------------+------------+----------+
| |RTL Partition |Replication |Instances |
+-+--------------+------------+----------+
+-+--------------+------------+----------+
---------------------------------------------------------------------------------
Start Rebuilding User Hierarchy
---------------------------------------------------------------------------------
---------------------------------------------------------------------------------
Finished Rebuilding User Hierarchy : Time (s): cpu = 00:00:22 ; elapsed = 00:00:23 . Memory (MB): peak = 755.137 ; gain = 499.762
---------------------------------------------------------------------------------
---------------------------------------------------------------------------------
Start Renaming Generated Ports
---------------------------------------------------------------------------------
---------------------------------------------------------------------------------
Finished Renaming Generated Ports : Time (s): cpu = 00:00:22 ; elapsed = 00:00:23 . Memory (MB): peak = 755.137 ; gain = 499.762
---------------------------------------------------------------------------------
---------------------------------------------------------------------------------
Start Handling Custom Attributes
---------------------------------------------------------------------------------
---------------------------------------------------------------------------------
Finished Handling Custom Attributes : Time (s): cpu = 00:00:22 ; elapsed = 00:00:23 . Memory (MB): peak = 755.137 ; gain = 499.762
---------------------------------------------------------------------------------
---------------------------------------------------------------------------------
Start Renaming Generated Nets
---------------------------------------------------------------------------------
---------------------------------------------------------------------------------
Finished Renaming Generated Nets : Time (s): cpu = 00:00:22 ; elapsed = 00:00:23 . Memory (MB): peak = 755.137 ; gain = 499.762
---------------------------------------------------------------------------------
---------------------------------------------------------------------------------
Start Writing Synthesis Report
---------------------------------------------------------------------------------

Report BlackBoxes: 
+-+--------------+----------+
| |BlackBox name |Instances |
+-+--------------+----------+
+-+--------------+----------+

Report Cell Usage: 
+------+-------+------+
|      |Cell   |Count |
+------+-------+------+
|1     |BUFG   |     1|
|2     |CARRY4 |     8|
|3     |LUT1   |     1|
|4     |LUT2   |     6|
|5     |LUT3   |     5|
|6     |LUT4   |    23|
|7     |LUT5   |     8|
|8     |LUT6   |    40|
|9     |FDRE   |    56|
|10    |IBUF   |     2|
|11    |OBUF   |     9|
+------+-------+------+

Report Instance Areas: 
+------+---------------+--------+------+
|      |Instance       |Module  |Cells |
+------+---------------+--------+------+
|1     |top            |        |   159|
|2     |  UART_RX_INST |UART_RX |    82|
|3     |  UART_TX_INST |UART_TX |    63|
+------+---------------+--------+------+
---------------------------------------------------------------------------------
Finished Writing Synthesis Report : Time (s): cpu = 00:00:22 ; elapsed = 00:00:23 . Memory (MB): peak = 755.137 ; gain = 499.762
---------------------------------------------------------------------------------
Synthesis finished with 0 errors, 0 critical warnings and 3 warnings.
Synthesis Optimization Runtime : Time (s): cpu = 00:00:13 ; elapsed = 00:00:18 . Memory (MB): peak = 755.137 ; gain = 173.277
Synthesis Optimization Complete : Time (s): cpu = 00:00:22 ; elapsed = 00:00:23 . Memory (MB): peak = 755.137 ; gain = 499.762
INFO: [Project 1-571] Translating synthesized netlist
INFO: [Netlist 29-17] Analyzing 10 Unisim elements for replacement
INFO: [Netlist 29-28] Unisim Transformation completed in 0 CPU seconds
INFO: [Project 1-570] Preparing netlist for logic optimization
INFO: [Opt 31-138] Pushed 0 inverter(s) to 0 load pin(s).
INFO: [Project 1-111] Unisim Transformation Summary:
No Unisim elements were transformed.

INFO: [Common 17-83] Releasing license: Synthesis
47 Infos, 4 Warnings, 0 Critical Warnings and 0 Errors encountered.
synth_design completed successfully
synth_design: Time (s): cpu = 00:00:23 ; elapsed = 00:00:25 . Memory (MB): peak = 755.137 ; gain = 511.355
INFO: [Common 17-600] The following parameters have non-default value.
tcl.collectionResultDisplayLimit
INFO: [Common 17-1381] The checkpoint 'C:/Users/arody/Documents/GitHub/490VHDL/490/BasysUart/BasysUart.runs/synth_1/Main.dcp' has been generated.
INFO: [runtcl-4] Executing : report_utilization -file Main_utilization_synth.rpt -pb Main_utilization_synth.pb
report_utilization: Time (s): cpu = 00:00:00 ; elapsed = 00:00:00.016 . Memory (MB): peak = 755.137 ; gain = 0.000
INFO: [Common 17-206] Exiting Vivado at Tue Apr 24 22:10:27 2018...
